<?xml version="1.0" encoding="UTF-8"?>
<testsuite name="TaskTest" tests="5" skipped="0" failures="0" errors="0" timestamp="2015-08-24T22:05:07" hostname="epicodus-114.local" time="0.172">
  <properties/>
  <testcase name="equals_returnsTrueIfDescriptionsAretheSame" classname="TaskTest" time="0.076"/>
  <testcase name="all_emptyAtFirst" classname="TaskTest" time="0.033"/>
  <testcase name="equals_returnsSavedTask" classname="TaskTest" time="0.021"/>
  <testcase name="save_assignsIdToObject" classname="TaskTest" time="0.02"/>
  <testcase name="find_findsTaskInDatabase_true" classname="TaskTest" time="0.019"/>
  <system-out><![CDATA[]]></system-out>
  <system-err><![CDATA[]]></system-err>
</testsuite>
